<?xml version="1.0" encoding="UTF-8"?>
<!-- Generated by org.testng.reporters.JUnitReportReporter -->
<testsuite hostname="DESKTOP-I7O1AK3" failures="0" tests="1" name="testRunner.TestRunner" time="21.806" errors="0" timestamp="29 Mar 2023 05:19:34 GMT" skipped="0">
  <testcase classname="testRunner.TestRunner" name="CucumberTest" time="21.806"/>
</testsuite> <!-- testRunner.TestRunner -->
